# JRE version: Java(TM) SE Runtime Environment (19.0.1+10) (build 19.0.1+10-21)
# Java VM: Java HotSpot(TM) 64-Bit Server VM (19.0.1+10-21, mixed mode, sharing, tiered, compressed oops, compressed class ptrs, g1 gc, windows-amd64)
GC Precious Log:
 CardTable entry size: 512
 Card Set container configuration: InlinePtr #cards 5 size 8 Array Of Cards #cards 12 size 40 Howl #buckets 4 coarsen threshold 1843 Howl Bitmap #cards 512 size 80 coarsen threshold 460 Card regions per heap region 1 cards per card region 2048
 CPUs: 8 total, 8 available
 Memory: 6005M
 Large Page Support: Disabled
 NUMA Support: Disabled
 Compressed Oops: Enabled (32-bit)
 Heap Region Size: 1M
 Heap Min Capacity: 8M
 Heap Initial Capacity: 94M
 Heap Max Capacity: 2G
 Pre-touch: Disabled
 Parallel Workers: 8
 Concurrent Workers: 2
 Concurrent Refinement Workers: 8
 Periodic GC: Disabled
Heap:
 garbage-first heap   total 309248K, used 66501K [0x0000000080000000, 0x0000000100000000)
  region size 1024K, 13 young (13312K), 13 survivors (13312K)
 Metaspace       used 47129K, committed 48512K, reserved 487424K
  class space    used 6430K, committed 7104K, reserved 421888K
GC Heap History (20 events):
Event: 19.967 GC heap after
{Heap after GC invocations=54 (full 0):
 garbage-first heap   total 309248K, used 57628K [0x0000000080000000, 0x0000000100000000)
  region size 1024K, 11 young (11264K), 11 survivors (11264K)
 Metaspace       used 47108K, committed 48512K, reserved 487424K
  class space    used 6430K, committed 7104K, reserved 421888K
}
Event: 20.274 GC heap before
{Heap before GC invocations=54 (full 0):
 garbage-first heap   total 309248K, used 231708K [0x0000000080000000, 0x0000000100000000)
  region size 1024K, 181 young (185344K), 11 survivors (11264K)
 Metaspace       used 47111K, committed 48512K, reserved 487424K
  class space    used 6430K, committed 7104K, reserved 421888K
}
Event: 20.279 GC heap after
{Heap after GC invocations=55 (full 0):
 garbage-first heap   total 309248K, used 58867K [0x0000000080000000, 0x0000000100000000)
  region size 1024K, 11 young (11264K), 11 survivors (11264K)
 Metaspace       used 47111K, committed 48512K, reserved 487424K
  class space    used 6430K, committed 7104K, reserved 421888K
}
Event: 20.578 GC heap before
{Heap before GC invocations=55 (full 0):
 garbage-first heap   total 309248K, used 232947K [0x0000000080000000, 0x0000000100000000)
  region size 1024K, 181 young (185344K), 11 survivors (11264K)
 Metaspace       used 47112K, committed 48512K, reserved 487424K
  class space    used 6430K, committed 7104K, reserved 421888K
}
Event: 20.583 GC heap after
{Heap after GC invocations=56 (full 0):
 garbage-first heap   total 309248K, used 59482K [0x0000000080000000, 0x0000000100000000)
  region size 1024K, 11 young (11264K), 11 survivors (11264K)
 Metaspace       used 47112K, committed 48512K, reserved 487424K
  class space    used 6430K, committed 7104K, reserved 421888K
}
Event: 20.904 GC heap before
{Heap before GC invocations=56 (full 0):
 garbage-first heap   total 309248K, used 233562K [0x0000000080000000, 0x0000000100000000)
  region size 1024K, 181 young (185344K), 11 survivors (11264K)
 Metaspace       used 47113K, committed 48512K, reserved 487424K
  class space    used 6430K, committed 7104K, reserved 421888K
}
Event: 20.910 GC heap after
{Heap after GC invocations=57 (full 0):
 garbage-first heap   total 309248K, used 60105K [0x0000000080000000, 0x0000000100000000)
  region size 1024K, 11 young (11264K), 11 survivors (11264K)
 Metaspace       used 47113K, committed 48512K, reserved 487424K
  class space    used 6430K, committed 7104K, reserved 421888K
}
Event: 21.226 GC heap before
{Heap before GC invocations=57 (full 0):
 garbage-first heap   total 309248K, used 234185K [0x0000000080000000, 0x0000000100000000)
  region size 1024K, 181 young (185344K), 11 survivors (11264K)
 Metaspace       used 47113K, committed 48512K, reserved 487424K
  class space    used 6430K, committed 7104K, reserved 421888K
}
Event: 21.231 GC heap after
{Heap after GC invocations=58 (full 0):
 garbage-first heap   total 309248K, used 61528K [0x0000000080000000, 0x0000000100000000)
  region size 1024K, 12 young (12288K), 12 survivors (12288K)
 Metaspace       used 47113K, committed 48512K, reserved 487424K
  class space    used 6430K, committed 7104K, reserved 421888K
}
Event: 21.547 GC heap before
{Heap before GC invocations=58 (full 0):
 garbage-first heap   total 309248K, used 234584K [0x0000000080000000, 0x0000000100000000)
  region size 1024K, 181 young (185344K), 12 survivors (12288K)
 Metaspace       used 47114K, committed 48512K, reserved 487424K
  class space    used 6430K, committed 7104K, reserved 421888K
}
Event: 21.552 GC heap after
{Heap after GC invocations=59 (full 0):
 garbage-first heap   total 309248K, used 62481K [0x0000000080000000, 0x0000000100000000)
  region size 1024K, 13 young (13312K), 13 survivors (13312K)
 Metaspace       used 47114K, committed 48512K, reserved 487424K
  class space    used 6430K, committed 7104K, reserved 421888K
}
Event: 21.833 GC heap before
{Heap before GC invocations=59 (full 0):
 garbage-first heap   total 309248K, used 235537K [0x0000000080000000, 0x0000000100000000)
  region size 1024K, 181 young (185344K), 13 survivors (13312K)
 Metaspace       used 47114K, committed 48512K, reserved 487424K
  class space    used 6430K, committed 7104K, reserved 421888K
}
Event: 21.840 GC heap after
{Heap after GC invocations=60 (full 0):
 garbage-first heap   total 309248K, used 63320K [0x0000000080000000, 0x0000000100000000)
  region size 1024K, 13 young (13312K), 13 survivors (13312K)
 Metaspace       used 47114K, committed 48512K, reserved 487424K
  class space    used 6430K, committed 7104K, reserved 421888K
}
Event: 22.103 GC heap before
{Heap before GC invocations=60 (full 0):
 garbage-first heap   total 309248K, used 235352K [0x0000000080000000, 0x0000000100000000)
  region size 1024K, 181 young (185344K), 13 survivors (13312K)
 Metaspace       used 47114K, committed 48512K, reserved 487424K
  class space    used 6430K, committed 7104K, reserved 421888K
}
Event: 22.110 GC heap after
{Heap after GC invocations=61 (full 0):
 garbage-first heap   total 309248K, used 64563K [0x0000000080000000, 0x0000000100000000)
  region size 1024K, 13 young (13312K), 13 survivors (13312K)
 Metaspace       used 47114K, committed 48512K, reserved 487424K
  class space    used 6430K, committed 7104K, reserved 421888K
}
Event: 22.383 GC heap before
{Heap before GC invocations=61 (full 0):
 garbage-first heap   total 309248K, used 236595K [0x0000000080000000, 0x0000000100000000)
  region size 1024K, 181 young (185344K), 13 survivors (13312K)
 Metaspace       used 47116K, committed 48512K, reserved 487424K
  class space    used 6430K, committed 7104K, reserved 421888K
}
Event: 22.390 GC heap after
{Heap after GC invocations=62 (full 0):
 garbage-first heap   total 309248K, used 64638K [0x0000000080000000, 0x0000000100000000)
  region size 1024K, 13 young (13312K), 13 survivors (13312K)
 Metaspace       used 47116K, committed 48512K, reserved 487424K
  class space    used 6430K, committed 7104K, reserved 421888K
}
Event: 22.628 GC heap before
{Heap before GC invocations=62 (full 0):
 garbage-first heap   total 309248K, used 236670K [0x0000000080000000, 0x0000000100000000)
  region size 1024K, 181 young (185344K), 13 survivors (13312K)
 Metaspace       used 47116K, committed 48512K, reserved 487424K
  class space    used 6430K, committed 7104K, reserved 421888K
}
Event: 22.633 GC heap after
{Heap after GC invocations=63 (full 0):
 garbage-first heap   total 309248K, used 65515K [0x0000000080000000, 0x0000000100000000)
  region size 1024K, 13 young (13312K), 13 survivors (13312K)
 Metaspace       used 47116K, committed 48512K, reserved 487424K
  class space    used 6430K, committed 7104K, reserved 421888K
}
Event: 22.923 GC heap before
{Heap before GC invocations=63 (full 0):
 garbage-first heap   total 309248K, used 237547K [0x0000000080000000, 0x0000000100000000)
  region size 1024K, 181 young (185344K), 13 survivors (13312K)
 Metaspace       used 47129K, committed 48512K, reserved 487424K
  class space    used 6430K, committed 7104K, reserved 421888K
}

