# JRE version: Java(TM) SE Runtime Environment (19.0.1+10) (build 19.0.1+10-21)
# Java VM: Java HotSpot(TM) 64-Bit Server VM (19.0.1+10-21, mixed mode, sharing, tiered, compressed oops, compressed class ptrs, g1 gc, windows-amd64)
GC Precious Log:
 CardTable entry size: 512
 Card Set container configuration: InlinePtr #cards 5 size 8 Array Of Cards #cards 12 size 40 Howl #buckets 4 coarsen threshold 1843 Howl Bitmap #cards 512 size 80 coarsen threshold 460 Card regions per heap region 1 cards per card region 2048
 CPUs: 8 total, 8 available
 Memory: 6005M
 Large Page Support: Disabled
 NUMA Support: Disabled
 Compressed Oops: Enabled (32-bit)
 Heap Region Size: 1M
 Heap Min Capacity: 8M
 Heap Initial Capacity: 94M
 Heap Max Capacity: 2G
 Pre-touch: Disabled
 Parallel Workers: 8
 Concurrent Workers: 2
 Concurrent Refinement Workers: 8
 Periodic GC: Disabled
Heap:
 garbage-first heap   total 178176K, used 86269K [0x0000000080000000, 0x0000000100000000)
  region size 1024K, 32 young (32768K), 9 survivors (9216K)
 Metaspace       used 48973K, committed 50368K, reserved 487424K
  class space    used 6522K, committed 7232K, reserved 421888K
GC Heap History (20 events):
Event: 8.062 GC heap before
{Heap before GC invocations=11 (full 0):
 garbage-first heap   total 89088K, used 68995K [0x0000000080000000, 0x0000000100000000)
  region size 1024K, 42 young (43008K), 4 survivors (4096K)
 Metaspace       used 38503K, committed 39744K, reserved 487424K
  class space    used 5403K, committed 6016K, reserved 421888K
}
Event: 8.067 GC heap after
{Heap after GC invocations=12 (full 0):
 garbage-first heap   total 89088K, used 32515K [0x0000000080000000, 0x0000000100000000)
  region size 1024K, 5 young (5120K), 5 survivors (5120K)
 Metaspace       used 38503K, committed 39744K, reserved 487424K
  class space    used 5403K, committed 6016K, reserved 421888K
}
Event: 8.088 GC heap before
{Heap before GC invocations=12 (full 0):
 garbage-first heap   total 89088K, used 33539K [0x0000000080000000, 0x0000000100000000)
  region size 1024K, 6 young (6144K), 5 survivors (5120K)
 Metaspace       used 38612K, committed 39808K, reserved 487424K
  class space    used 5416K, committed 6016K, reserved 421888K
}
Event: 8.092 GC heap after
{Heap after GC invocations=13 (full 0):
 garbage-first heap   total 89088K, used 33082K [0x0000000080000000, 0x0000000100000000)
  region size 1024K, 1 young (1024K), 1 survivors (1024K)
 Metaspace       used 38612K, committed 39808K, reserved 487424K
  class space    used 5416K, committed 6016K, reserved 421888K
}
Event: 8.865 GC heap before
{Heap before GC invocations=13 (full 0):
 garbage-first heap   total 89088K, used 73018K [0x0000000080000000, 0x0000000100000000)
  region size 1024K, 36 young (36864K), 1 survivors (1024K)
 Metaspace       used 44222K, committed 45440K, reserved 487424K
  class space    used 6002K, committed 6656K, reserved 421888K
}
Event: 8.869 GC heap after
{Heap after GC invocations=14 (full 0):
 garbage-first heap   total 89088K, used 36759K [0x0000000080000000, 0x0000000100000000)
  region size 1024K, 5 young (5120K), 5 survivors (5120K)
 Metaspace       used 44222K, committed 45440K, reserved 487424K
  class space    used 6002K, committed 6656K, reserved 421888K
}
Event: 8.987 GC heap before
{Heap before GC invocations=14 (full 0):
 garbage-first heap   total 89088K, used 68503K [0x0000000080000000, 0x0000000100000000)
  region size 1024K, 36 young (36864K), 5 survivors (5120K)
 Metaspace       used 44245K, committed 45440K, reserved 487424K
  class space    used 6002K, committed 6656K, reserved 421888K
}
Event: 8.993 GC heap after
{Heap after GC invocations=15 (full 0):
 garbage-first heap   total 89088K, used 39686K [0x0000000080000000, 0x0000000100000000)
  region size 1024K, 4 young (4096K), 4 survivors (4096K)
 Metaspace       used 44245K, committed 45440K, reserved 487424K
  class space    used 6002K, committed 6656K, reserved 421888K
}
Event: 9.088 GC heap before
{Heap before GC invocations=15 (full 0):
 garbage-first heap   total 89088K, used 69382K [0x0000000080000000, 0x0000000100000000)
  region size 1024K, 33 young (33792K), 4 survivors (4096K)
 Metaspace       used 44246K, committed 45440K, reserved 487424K
  class space    used 6002K, committed 6656K, reserved 421888K
}
Event: 9.093 GC heap after
{Heap after GC invocations=16 (full 0):
 garbage-first heap   total 178176K, used 40885K [0x0000000080000000, 0x0000000100000000)
  region size 1024K, 3 young (3072K), 3 survivors (3072K)
 Metaspace       used 44246K, committed 45440K, reserved 487424K
  class space    used 6002K, committed 6656K, reserved 421888K
}
Event: 9.755 GC heap before
{Heap before GC invocations=16 (full 0):
 garbage-first heap   total 178176K, used 141237K [0x0000000080000000, 0x0000000100000000)
  region size 1024K, 101 young (103424K), 3 survivors (3072K)
 Metaspace       used 44811K, committed 46016K, reserved 487424K
  class space    used 6042K, committed 6656K, reserved 421888K
}
Event: 9.763 GC heap after
{Heap after GC invocations=17 (full 0):
 garbage-first heap   total 178176K, used 45214K [0x0000000080000000, 0x0000000100000000)
  region size 1024K, 7 young (7168K), 7 survivors (7168K)
 Metaspace       used 44811K, committed 46016K, reserved 487424K
  class space    used 6042K, committed 6656K, reserved 421888K
}
Event: 11.410 GC heap before
{Heap before GC invocations=17 (full 0):
 garbage-first heap   total 178176K, used 138398K [0x0000000080000000, 0x0000000100000000)
  region size 1024K, 98 young (100352K), 7 survivors (7168K)
 Metaspace       used 47073K, committed 48384K, reserved 487424K
  class space    used 6352K, committed 7040K, reserved 421888K
}
Event: 11.417 GC heap after
{Heap after GC invocations=18 (full 0):
 garbage-first heap   total 178176K, used 50645K [0x0000000080000000, 0x0000000100000000)
  region size 1024K, 12 young (12288K), 12 survivors (12288K)
 Metaspace       used 47073K, committed 48384K, reserved 487424K
  class space    used 6352K, committed 7040K, reserved 421888K
}
Event: 11.585 GC heap before
{Heap before GC invocations=18 (full 0):
 garbage-first heap   total 178176K, used 141781K [0x0000000080000000, 0x0000000100000000)
  region size 1024K, 100 young (102400K), 12 survivors (12288K)
 Metaspace       used 47116K, committed 48448K, reserved 487424K
  class space    used 6352K, committed 7040K, reserved 421888K
}
Event: 11.599 GC heap after
{Heap after GC invocations=19 (full 0):
 garbage-first heap   total 178176K, used 58090K [0x0000000080000000, 0x0000000100000000)
  region size 1024K, 12 young (12288K), 12 survivors (12288K)
 Metaspace       used 47116K, committed 48448K, reserved 487424K
  class space    used 6352K, committed 7040K, reserved 421888K
}
Event: 13.213 GC heap before
{Heap before GC invocations=19 (full 0):
 garbage-first heap   total 178176K, used 142058K [0x0000000080000000, 0x0000000100000000)
  region size 1024K, 94 young (96256K), 12 survivors (12288K)
 Metaspace       used 48256K, committed 49664K, reserved 487424K
  class space    used 6460K, committed 7168K, reserved 421888K
}
Event: 13.223 GC heap after
{Heap after GC invocations=20 (full 0):
 garbage-first heap   total 178176K, used 60793K [0x0000000080000000, 0x0000000100000000)
  region size 1024K, 6 young (6144K), 6 survivors (6144K)
 Metaspace       used 48256K, committed 49664K, reserved 487424K
  class space    used 6460K, committed 7168K, reserved 421888K
}
Event: 13.463 GC heap before
{Heap before GC invocations=20 (full 0):
 garbage-first heap   total 178176K, used 142713K [0x0000000080000000, 0x0000000100000000)
  region size 1024K, 86 young (88064K), 6 survivors (6144K)
 Metaspace       used 48352K, committed 49792K, reserved 487424K
  class space    used 6466K, committed 7232K, reserved 421888K
}
Event: 13.472 GC heap after
{Heap after GC invocations=21 (full 0):
 garbage-first heap   total 178176K, used 63741K [0x0000000080000000, 0x0000000100000000)
  region size 1024K, 9 young (9216K), 9 survivors (9216K)
 Metaspace       used 48352K, committed 49792K, reserved 487424K
  class space    used 6466K, committed 7232K, reserved 421888K
}

